<?xml version="1.0" encoding="UTF-8"?>
<testsuite xmlns:xsi="http://www.w3.org/2001/XMLSchema-instance" xsi:noNamespaceSchemaLocation="https://maven.apache.org/surefire/maven-surefire-plugin/xsd/surefire-test-report.xsd" name="com.kgc.kmall.AppTest" time="0.002" tests="1" errors="0" skipped="0" failures="0">
  <properties>
    <property name="sun.desktop" value="windows"/>
    <property name="awt.toolkit" value="sun.awt.windows.WToolkit"/>
    <property name="file.encoding.pkg" value="sun.io"/>
    <property name="java.specification.version" value="1.8"/>
    <property name="sun.cpu.isalist" value="amd64"/>
    <property name="sun.jnu.encoding" value="GBK"/>
    <property name="java.class.path" value="F:\ider\springboot\kmall076\kmall-web-util\target\test-classes;F:\ider\springboot\kmall076\kmall-web-util\target\classes;F:\ider\maven\com\kgc\kmall\kmall-common-util\1.0-SNAPSHOT\kmall-common-util-1.0-SNAPSHOT.jar;F:\ider\maven\org\springframework\boot\spring-boot-starter\2.2.8.RELEASE\spring-boot-starter-2.2.8.RELEASE.jar;F:\ider\maven\org\springframework\boot\spring-boot\2.2.8.RELEASE\spring-boot-2.2.8.RELEASE.jar;F:\ider\maven\org\springframework\spring-context\5.2.7.RELEASE\spring-context-5.2.7.RELEASE.jar;F:\ider\maven\org\springframework\boot\spring-boot-autoconfigure\2.2.8.RELEASE\spring-boot-autoconfigure-2.2.8.RELEASE.jar;F:\ider\maven\org\springframework\boot\spring-boot-starter-logging\2.2.8.RELEASE\spring-boot-starter-logging-2.2.8.RELEASE.jar;F:\ider\maven\ch\qos\logback\logback-classic\1.2.3\logback-classic-1.2.3.jar;F:\ider\maven\ch\qos\logback\logback-core\1.2.3\logback-core-1.2.3.jar;F:\ider\maven\org\apache\logging\log4j\log4j-to-slf4j\2.12.1\log4j-to-slf4j-2.12.1.jar;F:\ider\maven\org\apache\logging\log4j\log4j-api\2.12.1\log4j-api-2.12.1.jar;F:\ider\maven\org\slf4j\jul-to-slf4j\1.7.30\jul-to-slf4j-1.7.30.jar;F:\ider\maven\jakarta\annotation\jakarta.annotation-api\1.3.5\jakarta.annotation-api-1.3.5.jar;F:\ider\maven\org\springframework\spring-core\5.2.7.RELEASE\spring-core-5.2.7.RELEASE.jar;F:\ider\maven\org\springframework\spring-jcl\5.2.7.RELEASE\spring-jcl-5.2.7.RELEASE.jar;F:\ider\maven\org\yaml\snakeyaml\1.25\snakeyaml-1.25.jar;F:\ider\maven\org\springframework\boot\spring-boot-starter-web\2.2.8.RELEASE\spring-boot-starter-web-2.2.8.RELEASE.jar;F:\ider\maven\org\springframework\boot\spring-boot-starter-json\2.2.8.RELEASE\spring-boot-starter-json-2.2.8.RELEASE.jar;F:\ider\maven\com\fasterxml\jackson\core\jackson-databind\2.10.4\jackson-databind-2.10.4.jar;F:\ider\maven\com\fasterxml\jackson\core\jackson-annotations\2.10.4\jackson-annotations-2.10.4.jar;F:\ider\maven\com\fasterxml\jackson\core\jackson-core\2.10.4\jackson-core-2.10.4.jar;F:\ider\maven\com\fasterxml\jackson\datatype\jackson-datatype-jdk8\2.10.4\jackson-datatype-jdk8-2.10.4.jar;F:\ider\maven\com\fasterxml\jackson\datatype\jackson-datatype-jsr310\2.10.4\jackson-datatype-jsr310-2.10.4.jar;F:\ider\maven\com\fasterxml\jackson\module\jackson-module-parameter-names\2.10.4\jackson-module-parameter-names-2.10.4.jar;F:\ider\maven\org\springframework\boot\spring-boot-starter-tomcat\2.2.8.RELEASE\spring-boot-starter-tomcat-2.2.8.RELEASE.jar;F:\ider\maven\org\apache\tomcat\embed\tomcat-embed-core\9.0.36\tomcat-embed-core-9.0.36.jar;F:\ider\maven\org\apache\tomcat\embed\tomcat-embed-el\9.0.36\tomcat-embed-el-9.0.36.jar;F:\ider\maven\org\apache\tomcat\embed\tomcat-embed-websocket\9.0.36\tomcat-embed-websocket-9.0.36.jar;F:\ider\maven\org\springframework\boot\spring-boot-starter-validation\2.2.8.RELEASE\spring-boot-starter-validation-2.2.8.RELEASE.jar;F:\ider\maven\jakarta\validation\jakarta.validation-api\2.0.2\jakarta.validation-api-2.0.2.jar;F:\ider\maven\org\hibernate\validator\hibernate-validator\6.0.20.Final\hibernate-validator-6.0.20.Final.jar;F:\ider\maven\org\jboss\logging\jboss-logging\3.4.1.Final\jboss-logging-3.4.1.Final.jar;F:\ider\maven\com\fasterxml\classmate\1.5.1\classmate-1.5.1.jar;F:\ider\maven\org\springframework\spring-web\5.2.7.RELEASE\spring-web-5.2.7.RELEASE.jar;F:\ider\maven\org\springframework\spring-beans\5.2.7.RELEASE\spring-beans-5.2.7.RELEASE.jar;F:\ider\maven\org\springframework\spring-webmvc\5.2.7.RELEASE\spring-webmvc-5.2.7.RELEASE.jar;F:\ider\maven\org\springframework\spring-aop\5.2.7.RELEASE\spring-aop-5.2.7.RELEASE.jar;F:\ider\maven\org\springframework\spring-expression\5.2.7.RELEASE\spring-expression-5.2.7.RELEASE.jar;F:\ider\maven\org\springframework\boot\spring-boot-starter-test\2.2.8.RELEASE\spring-boot-starter-test-2.2.8.RELEASE.jar;F:\ider\maven\org\springframework\boot\spring-boot-test\2.2.8.RELEASE\spring-boot-test-2.2.8.RELEASE.jar;F:\ider\maven\org\springframework\boot\spring-boot-test-autoconfigure\2.2.8.RELEASE\spring-boot-test-autoconfigure-2.2.8.RELEASE.jar;F:\ider\maven\com\jayway\jsonpath\json-path\2.4.0\json-path-2.4.0.jar;F:\ider\maven\net\minidev\json-smart\2.3\json-smart-2.3.jar;F:\ider\maven\net\minidev\accessors-smart\1.2\accessors-smart-1.2.jar;F:\ider\maven\org\ow2\asm\asm\5.0.4\asm-5.0.4.jar;F:\ider\maven\jakarta\xml\bind\jakarta.xml.bind-api\2.3.3\jakarta.xml.bind-api-2.3.3.jar;F:\ider\maven\jakarta\activation\jakarta.activation-api\1.2.2\jakarta.activation-api-1.2.2.jar;F:\ider\maven\org\junit\jupiter\junit-jupiter\5.5.2\junit-jupiter-5.5.2.jar;F:\ider\maven\org\junit\jupiter\junit-jupiter-api\5.5.2\junit-jupiter-api-5.5.2.jar;F:\ider\maven\org\opentest4j\opentest4j\1.2.0\opentest4j-1.2.0.jar;F:\ider\maven\org\junit\platform\junit-platform-commons\1.5.2\junit-platform-commons-1.5.2.jar;F:\ider\maven\org\junit\jupiter\junit-jupiter-params\5.5.2\junit-jupiter-params-5.5.2.jar;F:\ider\maven\org\junit\jupiter\junit-jupiter-engine\5.5.2\junit-jupiter-engine-5.5.2.jar;F:\ider\maven\org\junit\vintage\junit-vintage-engine\5.5.2\junit-vintage-engine-5.5.2.jar;F:\ider\maven\org\apiguardian\apiguardian-api\1.1.0\apiguardian-api-1.1.0.jar;F:\ider\maven\org\junit\platform\junit-platform-engine\1.5.2\junit-platform-engine-1.5.2.jar;F:\ider\maven\junit\junit\4.12\junit-4.12.jar;F:\ider\maven\org\mockito\mockito-junit-jupiter\3.1.0\mockito-junit-jupiter-3.1.0.jar;F:\ider\maven\org\assertj\assertj-core\3.13.2\assertj-core-3.13.2.jar;F:\ider\maven\org\hamcrest\hamcrest\2.1\hamcrest-2.1.jar;F:\ider\maven\org\mockito\mockito-core\3.1.0\mockito-core-3.1.0.jar;F:\ider\maven\net\bytebuddy\byte-buddy\1.10.11\byte-buddy-1.10.11.jar;F:\ider\maven\net\bytebuddy\byte-buddy-agent\1.10.11\byte-buddy-agent-1.10.11.jar;F:\ider\maven\org\objenesis\objenesis\2.6\objenesis-2.6.jar;F:\ider\maven\org\skyscreamer\jsonassert\1.5.0\jsonassert-1.5.0.jar;F:\ider\maven\com\vaadin\external\google\android-json\0.0.20131108.vaadin1\android-json-0.0.20131108.vaadin1.jar;F:\ider\maven\org\springframework\spring-test\5.2.7.RELEASE\spring-test-5.2.7.RELEASE.jar;F:\ider\maven\org\xmlunit\xmlunit-core\2.6.4\xmlunit-core-2.6.4.jar;F:\ider\maven\org\springframework\boot\spring-boot-starter-thymeleaf\2.2.8.RELEASE\spring-boot-starter-thymeleaf-2.2.8.RELEASE.jar;F:\ider\maven\org\thymeleaf\thymeleaf-spring5\3.0.11.RELEASE\thymeleaf-spring5-3.0.11.RELEASE.jar;F:\ider\maven\org\thymeleaf\thymeleaf\3.0.11.RELEASE\thymeleaf-3.0.11.RELEASE.jar;F:\ider\maven\org\attoparser\attoparser\2.0.5.RELEASE\attoparser-2.0.5.RELEASE.jar;F:\ider\maven\org\unbescape\unbescape\1.1.6.RELEASE\unbescape-1.1.6.RELEASE.jar;F:\ider\maven\org\slf4j\slf4j-api\1.7.30\slf4j-api-1.7.30.jar;F:\ider\maven\org\thymeleaf\extras\thymeleaf-extras-java8time\3.0.4.RELEASE\thymeleaf-extras-java8time-3.0.4.RELEASE.jar;"/>
    <property name="java.vm.vendor" value="Oracle Corporation"/>
    <property name="sun.arch.data.model" value="64"/>
    <property name="user.variant" value=""/>
    <property name="java.vendor.url" value="http://java.oracle.com/"/>
    <property name="user.timezone" value="Asia/Shanghai"/>
    <property name="java.vm.specification.version" value="1.8"/>
    <property name="os.name" value="Windows 10"/>
    <property name="user.country" value="CN"/>
    <property name="sun.java.launcher" value="SUN_STANDARD"/>
    <property name="sun.boot.library.path" value="F:\tomcat\Java\jdk1.8.0_181\jre\bin"/>
    <property name="sun.java.command" value="C:\Users\任\AppData\Local\Temp\surefire8997865075996800185\surefirebooter7913921650228056541.jar C:\Users\任\AppData\Local\Temp\surefire8997865075996800185 2020-08-19T17-41-01_899-jvmRun1 surefire7120187324882839603tmp surefire_07805108977759807638tmp"/>
    <property name="surefire.test.class.path" value="F:\ider\springboot\kmall076\kmall-web-util\target\test-classes;F:\ider\springboot\kmall076\kmall-web-util\target\classes;F:\ider\maven\com\kgc\kmall\kmall-common-util\1.0-SNAPSHOT\kmall-common-util-1.0-SNAPSHOT.jar;F:\ider\maven\org\springframework\boot\spring-boot-starter\2.2.8.RELEASE\spring-boot-starter-2.2.8.RELEASE.jar;F:\ider\maven\org\springframework\boot\spring-boot\2.2.8.RELEASE\spring-boot-2.2.8.RELEASE.jar;F:\ider\maven\org\springframework\spring-context\5.2.7.RELEASE\spring-context-5.2.7.RELEASE.jar;F:\ider\maven\org\springframework\boot\spring-boot-autoconfigure\2.2.8.RELEASE\spring-boot-autoconfigure-2.2.8.RELEASE.jar;F:\ider\maven\org\springframework\boot\spring-boot-starter-logging\2.2.8.RELEASE\spring-boot-starter-logging-2.2.8.RELEASE.jar;F:\ider\maven\ch\qos\logback\logback-classic\1.2.3\logback-classic-1.2.3.jar;F:\ider\maven\ch\qos\logback\logback-core\1.2.3\logback-core-1.2.3.jar;F:\ider\maven\org\apache\logging\log4j\log4j-to-slf4j\2.12.1\log4j-to-slf4j-2.12.1.jar;F:\ider\maven\org\apache\logging\log4j\log4j-api\2.12.1\log4j-api-2.12.1.jar;F:\ider\maven\org\slf4j\jul-to-slf4j\1.7.30\jul-to-slf4j-1.7.30.jar;F:\ider\maven\jakarta\annotation\jakarta.annotation-api\1.3.5\jakarta.annotation-api-1.3.5.jar;F:\ider\maven\org\springframework\spring-core\5.2.7.RELEASE\spring-core-5.2.7.RELEASE.jar;F:\ider\maven\org\springframework\spring-jcl\5.2.7.RELEASE\spring-jcl-5.2.7.RELEASE.jar;F:\ider\maven\org\yaml\snakeyaml\1.25\snakeyaml-1.25.jar;F:\ider\maven\org\springframework\boot\spring-boot-starter-web\2.2.8.RELEASE\spring-boot-starter-web-2.2.8.RELEASE.jar;F:\ider\maven\org\springframework\boot\spring-boot-starter-json\2.2.8.RELEASE\spring-boot-starter-json-2.2.8.RELEASE.jar;F:\ider\maven\com\fasterxml\jackson\core\jackson-databind\2.10.4\jackson-databind-2.10.4.jar;F:\ider\maven\com\fasterxml\jackson\core\jackson-annotations\2.10.4\jackson-annotations-2.10.4.jar;F:\ider\maven\com\fasterxml\jackson\core\jackson-core\2.10.4\jackson-core-2.10.4.jar;F:\ider\maven\com\fasterxml\jackson\datatype\jackson-datatype-jdk8\2.10.4\jackson-datatype-jdk8-2.10.4.jar;F:\ider\maven\com\fasterxml\jackson\datatype\jackson-datatype-jsr310\2.10.4\jackson-datatype-jsr310-2.10.4.jar;F:\ider\maven\com\fasterxml\jackson\module\jackson-module-parameter-names\2.10.4\jackson-module-parameter-names-2.10.4.jar;F:\ider\maven\org\springframework\boot\spring-boot-starter-tomcat\2.2.8.RELEASE\spring-boot-starter-tomcat-2.2.8.RELEASE.jar;F:\ider\maven\org\apache\tomcat\embed\tomcat-embed-core\9.0.36\tomcat-embed-core-9.0.36.jar;F:\ider\maven\org\apache\tomcat\embed\tomcat-embed-el\9.0.36\tomcat-embed-el-9.0.36.jar;F:\ider\maven\org\apache\tomcat\embed\tomcat-embed-websocket\9.0.36\tomcat-embed-websocket-9.0.36.jar;F:\ider\maven\org\springframework\boot\spring-boot-starter-validation\2.2.8.RELEASE\spring-boot-starter-validation-2.2.8.RELEASE.jar;F:\ider\maven\jakarta\validation\jakarta.validation-api\2.0.2\jakarta.validation-api-2.0.2.jar;F:\ider\maven\org\hibernate\validator\hibernate-validator\6.0.20.Final\hibernate-validator-6.0.20.Final.jar;F:\ider\maven\org\jboss\logging\jboss-logging\3.4.1.Final\jboss-logging-3.4.1.Final.jar;F:\ider\maven\com\fasterxml\classmate\1.5.1\classmate-1.5.1.jar;F:\ider\maven\org\springframework\spring-web\5.2.7.RELEASE\spring-web-5.2.7.RELEASE.jar;F:\ider\maven\org\springframework\spring-beans\5.2.7.RELEASE\spring-beans-5.2.7.RELEASE.jar;F:\ider\maven\org\springframework\spring-webmvc\5.2.7.RELEASE\spring-webmvc-5.2.7.RELEASE.jar;F:\ider\maven\org\springframework\spring-aop\5.2.7.RELEASE\spring-aop-5.2.7.RELEASE.jar;F:\ider\maven\org\springframework\spring-expression\5.2.7.RELEASE\spring-expression-5.2.7.RELEASE.jar;F:\ider\maven\org\springframework\boot\spring-boot-starter-test\2.2.8.RELEASE\spring-boot-starter-test-2.2.8.RELEASE.jar;F:\ider\maven\org\springframework\boot\spring-boot-test\2.2.8.RELEASE\spring-boot-test-2.2.8.RELEASE.jar;F:\ider\maven\org\springframework\boot\spring-boot-test-autoconfigure\2.2.8.RELEASE\spring-boot-test-autoconfigure-2.2.8.RELEASE.jar;F:\ider\maven\com\jayway\jsonpath\json-path\2.4.0\json-path-2.4.0.jar;F:\ider\maven\net\minidev\json-smart\2.3\json-smart-2.3.jar;F:\ider\maven\net\minidev\accessors-smart\1.2\accessors-smart-1.2.jar;F:\ider\maven\org\ow2\asm\asm\5.0.4\asm-5.0.4.jar;F:\ider\maven\jakarta\xml\bind\jakarta.xml.bind-api\2.3.3\jakarta.xml.bind-api-2.3.3.jar;F:\ider\maven\jakarta\activation\jakarta.activation-api\1.2.2\jakarta.activation-api-1.2.2.jar;F:\ider\maven\org\junit\jupiter\junit-jupiter\5.5.2\junit-jupiter-5.5.2.jar;F:\ider\maven\org\junit\jupiter\junit-jupiter-api\5.5.2\junit-jupiter-api-5.5.2.jar;F:\ider\maven\org\opentest4j\opentest4j\1.2.0\opentest4j-1.2.0.jar;F:\ider\maven\org\junit\platform\junit-platform-commons\1.5.2\junit-platform-commons-1.5.2.jar;F:\ider\maven\org\junit\jupiter\junit-jupiter-params\5.5.2\junit-jupiter-params-5.5.2.jar;F:\ider\maven\org\junit\jupiter\junit-jupiter-engine\5.5.2\junit-jupiter-engine-5.5.2.jar;F:\ider\maven\org\junit\vintage\junit-vintage-engine\5.5.2\junit-vintage-engine-5.5.2.jar;F:\ider\maven\org\apiguardian\apiguardian-api\1.1.0\apiguardian-api-1.1.0.jar;F:\ider\maven\org\junit\platform\junit-platform-engine\1.5.2\junit-platform-engine-1.5.2.jar;F:\ider\maven\junit\junit\4.12\junit-4.12.jar;F:\ider\maven\org\mockito\mockito-junit-jupiter\3.1.0\mockito-junit-jupiter-3.1.0.jar;F:\ider\maven\org\assertj\assertj-core\3.13.2\assertj-core-3.13.2.jar;F:\ider\maven\org\hamcrest\hamcrest\2.1\hamcrest-2.1.jar;F:\ider\maven\org\mockito\mockito-core\3.1.0\mockito-core-3.1.0.jar;F:\ider\maven\net\bytebuddy\byte-buddy\1.10.11\byte-buddy-1.10.11.jar;F:\ider\maven\net\bytebuddy\byte-buddy-agent\1.10.11\byte-buddy-agent-1.10.11.jar;F:\ider\maven\org\objenesis\objenesis\2.6\objenesis-2.6.jar;F:\ider\maven\org\skyscreamer\jsonassert\1.5.0\jsonassert-1.5.0.jar;F:\ider\maven\com\vaadin\external\google\android-json\0.0.20131108.vaadin1\android-json-0.0.20131108.vaadin1.jar;F:\ider\maven\org\springframework\spring-test\5.2.7.RELEASE\spring-test-5.2.7.RELEASE.jar;F:\ider\maven\org\xmlunit\xmlunit-core\2.6.4\xmlunit-core-2.6.4.jar;F:\ider\maven\org\springframework\boot\spring-boot-starter-thymeleaf\2.2.8.RELEASE\spring-boot-starter-thymeleaf-2.2.8.RELEASE.jar;F:\ider\maven\org\thymeleaf\thymeleaf-spring5\3.0.11.RELEASE\thymeleaf-spring5-3.0.11.RELEASE.jar;F:\ider\maven\org\thymeleaf\thymeleaf\3.0.11.RELEASE\thymeleaf-3.0.11.RELEASE.jar;F:\ider\maven\org\attoparser\attoparser\2.0.5.RELEASE\attoparser-2.0.5.RELEASE.jar;F:\ider\maven\org\unbescape\unbescape\1.1.6.RELEASE\unbescape-1.1.6.RELEASE.jar;F:\ider\maven\org\slf4j\slf4j-api\1.7.30\slf4j-api-1.7.30.jar;F:\ider\maven\org\thymeleaf\extras\thymeleaf-extras-java8time\3.0.4.RELEASE\thymeleaf-extras-java8time-3.0.4.RELEASE.jar;"/>
    <property name="sun.cpu.endian" value="little"/>
    <property name="user.home" value="C:\Users\任"/>
    <property name="user.language" value="zh"/>
    <property name="java.specification.vendor" value="Oracle Corporation"/>
    <property name="java.home" value="F:\tomcat\Java\jdk1.8.0_181\jre"/>
    <property name="basedir" value="F:\ider\springboot\kmall076\kmall-web-util"/>
    <property name="file.separator" value="\"/>
    <property name="line.separator" value="&#10;"/>
    <property name="idea.version2019.2.4" value="true"/>
    <property name="java.vm.specification.vendor" value="Oracle Corporation"/>
    <property name="java.specification.name" value="Java Platform API Specification"/>
    <property name="java.awt.graphicsenv" value="sun.awt.Win32GraphicsEnvironment"/>
    <property name="surefire.real.class.path" value="C:\Users\任\AppData\Local\Temp\surefire8997865075996800185\surefirebooter7913921650228056541.jar"/>
    <property name="sun.boot.class.path" value="F:\tomcat\Java\jdk1.8.0_181\jre\lib\resources.jar;F:\tomcat\Java\jdk1.8.0_181\jre\lib\rt.jar;F:\tomcat\Java\jdk1.8.0_181\jre\lib\sunrsasign.jar;F:\tomcat\Java\jdk1.8.0_181\jre\lib\jsse.jar;F:\tomcat\Java\jdk1.8.0_181\jre\lib\jce.jar;F:\tomcat\Java\jdk1.8.0_181\jre\lib\charsets.jar;F:\tomcat\Java\jdk1.8.0_181\jre\lib\jfr.jar;F:\tomcat\Java\jdk1.8.0_181\jre\classes"/>
    <property name="user.script" value=""/>
    <property name="sun.management.compiler" value="HotSpot 64-Bit Tiered Compilers"/>
    <property name="java.runtime.version" value="1.8.0_181-b13"/>
    <property name="user.name" value="任"/>
    <property name="path.separator" value=";"/>
    <property name="os.version" value="10.0"/>
    <property name="java.endorsed.dirs" value="F:\tomcat\Java\jdk1.8.0_181\jre\lib\endorsed"/>
    <property name="java.runtime.name" value="Java(TM) SE Runtime Environment"/>
    <property name="file.encoding" value="GBK"/>
    <property name="java.vm.name" value="Java HotSpot(TM) 64-Bit Server VM"/>
    <property name="localRepository" value="F:\ider\maven"/>
    <property name="java.vendor.url.bug" value="http://bugreport.sun.com/bugreport/"/>
    <property name="java.io.tmpdir" value="C:\Users\任\AppData\Local\Temp\"/>
    <property name="java.version" value="1.8.0_181"/>
    <property name="user.dir" value="F:\ider\springboot\kmall076\kmall-web-util"/>
    <property name="os.arch" value="amd64"/>
    <property name="java.vm.specification.name" value="Java Virtual Machine Specification"/>
    <property name="java.awt.printerjob" value="sun.awt.windows.WPrinterJob"/>
    <property name="sun.os.patch.level" value=""/>
    <property name="java.library.path" value="F:\tomcat\Java\jdk1.8.0_181\jre\bin;C:\Windows\Sun\Java\bin;C:\Windows\system32;C:\Windows;F:\ider\maven\apache-maven-3.5.2\bin;F:\tomcat\Java\jdk1.8.0_181\bin;F:\mye\zxcvbnm\Common\binary\com.sun.java.jdk.win32.x86_64_1.6.0.013\bin;C:\Program Files\MySQL\MySQL Server 5.5\bin;C:\Windows\system32;C:\Windows;C:\Windows\System32\Wbem;C:\Windows\System32\WindowsPowerShell\v1.0\;C:\Windows\System32\OpenSSH\;C:\Program Files\Microsoft\Web Platform Installer\;C:\Program Files (x86)\Microsoft ASP.NET\ASP.NET Web Pages\v1.0\;C:\Program Files (x86)\Windows Kits\8.0\Windows Performance Toolkit\;F:\runjian\git\Git\cmd;C:\Program Files\Intel\WiFi\bin\;C:\Program Files\Common Files\Intel\WirelessCommon\;C:\Program Files (x86)\NVIDIA Corporation\PhysX\Common;C:\Program Files\NVIDIA Corporation\NVIDIA NvDLISR;C:\Users\任\AppData\Local\Microsoft\WindowsApps;C:\Program Files\Intel\WiFi\bin\;C:\Program Files\Common Files\Intel\WirelessCommon\;."/>
    <property name="java.vm.info" value="mixed mode"/>
    <property name="java.vendor" value="Oracle Corporation"/>
    <property name="java.vm.version" value="25.181-b13"/>
    <property name="java.ext.dirs" value="F:\tomcat\Java\jdk1.8.0_181\jre\lib\ext;C:\Windows\Sun\Java\lib\ext"/>
    <property name="sun.io.unicode.encoding" value="UnicodeLittle"/>
    <property name="java.class.version" value="52.0"/>
  </properties>
  <testcase name="shouldAnswerWithTrue" classname="com.kgc.kmall.AppTest" time="0"/>
</testsuite>